2025-05-06 11:26:01 | 0:00:00.434443 | ℹ️ INFO     | __main__:setup_logger:69 - 日志系统已初始化，应用名称: janai_monitor
2025-05-06 11:26:01 | 0:00:00.436574 | ℹ️ INFO     | __main__:main:80 - 启动终端监控程序...
2025-05-06 11:26:01 | 0:00:00.437101 | ℹ️ INFO     | __main__:main:83 - 执行初始文件检查...
2025-05-06 11:26:01 | 0:00:00.437101 | ℹ️ INFO     | file_checker:run_bad_zip_check:18 - 开始执行损坏文件检测...
2025-05-06 11:26:01 | 0:00:00.437639 | ❌ ERROR    | file_checker:run_bad_zip_check:29 - 执行损坏文件检测失败: main() got an unexpected keyword argument 'force_check'
2025-05-06 11:26:01 | 0:00:00.437639 | ⚠️ WARNING  | __main__:main:88 - 初始文件检查失败或发现问题
2025-05-06 11:26:01 | 0:00:00.439234 | ℹ️ INFO     | process_monitor:run_manga_with_monitor:34 - 启动MangaJaNaiConverter并监控错误...
2025-05-06 11:26:01 | 0:00:00.452545 | ℹ️ INFO     | process_monitor:run_manga_with_monitor:48 - MangaJaNaiConverter已启动，进程ID: 11268
2025-05-06 11:26:10 | 0:00:09.186851 | ℹ️ INFO     | process_monitor:run_manga_with_monitor:74 - preprocess_worker_folder entering E:\7EHV D:\3EHV %filename%
2025-05-06 11:26:10 | 0:00:09.288107 | ℹ️ INFO     | process_monitor:run_manga_with_monitor:74 - file exists, skip: D:\3EHV\[GUILTY HEARTS (五月雨せつな)]\1. 同人志\(C102) 桃華と二人きりで過ごす愛のプライベートアイランド [アイドルマスター シンデレラガールズ] [吸住没碎个人汉化][GUILTY HEARTS (五月雨せつな)].cbz
2025-05-06 11:26:10 | 0:00:09.389346 | ℹ️ INFO     | process_monitor:run_manga_with_monitor:74 - file exists, skip: D:\3EHV\[GUILTY HEARTS (五月雨せつな)]\1. 同人志\(C73) Go To Next Produce! [アイドルマスター][GUILTY HEARTS (五月雨せつな)].cbz
2025-05-06 11:26:10 | 0:00:09.490598 | ℹ️ INFO     | process_monitor:run_manga_with_monitor:74 - file exists, skip: D:\3EHV\[GUILTY HEARTS (五月雨せつな)]\1. 同人志\(C74) (トゥハート 2) Engagement [GUILTY HEARTS (五月雨せつな)].cbz
2025-05-06 11:26:10 | 0:00:09.591928 | ℹ️ INFO     | process_monitor:run_manga_with_monitor:74 - file exists, skip: D:\3EHV\[GUILTY HEARTS (五月雨せつな)]\1. 同人志\(C74) Mutual Affection [とらドラ！] [別スキャン][GUILTY HEARTS (五月雨せつな)].cbz
2025-05-06 11:26:10 | 0:00:09.693346 | ℹ️ INFO     | process_monitor:run_manga_with_monitor:74 - file exists, skip: D:\3EHV\[GUILTY HEARTS (五月雨せつな)]\1. 同人志\(C77) Only my electromagnetic sister [とある科学の超電磁砲][GUILTY HEARTS (五月雨せつな)].cbz
2025-05-06 11:26:10 | 0:00:09.794644 | ℹ️ INFO     | process_monitor:run_manga_with_monitor:74 - file exists, skip: D:\3EHV\[GUILTY HEARTS (五月雨せつな)]\1. 同人志\(C79) Sweet Magic [えむえむっ！][GUILTY HEARTS (五月雨せつな)].cbz
2025-05-06 11:26:10 | 0:00:09.895564 | ℹ️ INFO     | process_monitor:run_manga_with_monitor:74 - file exists, skip: D:\3EHV\[GUILTY HEARTS (五月雨せつな)]\1. 同人志\(C81) Are you Living in the Real World？ [僕は友達が少ない][GUILTY HEARTS (五月雨せつな)].cbz
2025-05-06 11:26:11 | 0:00:09.997214 | ℹ️ INFO     | process_monitor:run_manga_with_monitor:74 - file exists, skip: D:\3EHV\[GUILTY HEARTS (五月雨せつな)]\1. 同人志\(C84) にっこりの魔法 [ラブライブ！] [別スキャン][GUILTY HEARTS (五月雨せつな)].cbz
2025-05-06 11:26:11 | 0:00:10.099089 | ℹ️ INFO     | process_monitor:run_manga_with_monitor:74 - file exists, skip: D:\3EHV\[GUILTY HEARTS (五月雨せつな)]\1. 同人志\(C89) Magnetic Love [ラブライブ！] [WTM 直接汉化][GUILTY HEARTS (五月雨せつな)].cbz
2025-05-06 11:26:11 | 0:00:10.200930 | ℹ️ INFO     | process_monitor:run_manga_with_monitor:74 - file exists, skip: D:\3EHV\[GUILTY HEARTS (五月雨せつな)]\1. 同人志\(C90) The Cat's Meow [アイドルマスター シンデレラガールズ] [P つ ssy 汉化组][GUILTY HEARTS (五月雨せつな)].cbz
2025-05-06 11:26:11 | 0:00:10.302360 | ℹ️ INFO     | process_monitor:run_manga_with_monitor:74 - file exists, skip: D:\3EHV\[GUILTY HEARTS (五月雨せつな)]\1. 同人志\(C91) 枕営業がんばルビィ！ [ラブライブ！サンシャイン！] [镜面光折射汉化][GUILTY HEARTS (五月雨せつな)].cbz
2025-05-06 11:26:11 | 0:00:10.403389 | ℹ️ INFO     | process_monitor:run_manga_with_monitor:74 - file exists, skip: D:\3EHV\[GUILTY HEARTS (五月雨せつな)]\1. 同人志\(C93) Little Cinderella U-12 [アイドルマスター シンデレラガールズ][GUILTY HEARTS (五月雨せつな)].cbz
2025-05-06 11:26:11 | 0:00:10.505054 | ℹ️ INFO     | process_monitor:run_manga_with_monitor:74 - file exists, skip: D:\3EHV\[GUILTY HEARTS (五月雨せつな)]\1. 同人志\(C95) パパには言えないっ！ [鬼迷日眼的莱科少校个人川话化] [アイドルマスター シンデレラガールズ][GUILTY HEARTS (五月雨せつな)].cbz
2025-05-06 11:26:11 | 0:00:10.606336 | ℹ️ INFO     | process_monitor:run_manga_with_monitor:74 - file exists, skip: D:\3EHV\[GUILTY HEARTS (五月雨せつな)]\1. 同人志\(C97) 千枝とオトナの温泉旅行 [アイドルマスター シンデレラガールズ] [吸住没碎个人汉化][GUILTY HEARTS (五月雨せつな)].cbz
2025-05-06 11:26:11 | 0:00:10.707625 | ℹ️ INFO     | process_monitor:run_manga_with_monitor:74 - file exists, skip: D:\3EHV\[GUILTY HEARTS (五月雨せつな)]\1. 同人志\(COMIC1☆8) にっこりの呪文 Ver1.5 [ラブライブ！] [光年汉化组][GUILTY HEARTS (五月雨せつな)].cbz
2025-05-06 11:26:11 | 0:00:10.809071 | ℹ️ INFO     | process_monitor:run_manga_with_monitor:74 - file exists, skip: D:\3EHV\[GUILTY HEARTS (五月雨せつな)]\1. 同人志\(サンクリ 2018 Spring) 小さいのは高貴のしるし [アズールレーン] [好想玩梗汉化组][GUILTY HEARTS (五月雨せつな)].cbz
2025-05-06 11:26:11 | 0:00:10.910856 | ℹ️ INFO     | process_monitor:run_manga_with_monitor:74 - file exists, skip: D:\3EHV\[GUILTY HEARTS (五月雨せつな)]\1. 同人志\(サンクリ 2018 Summer) どらごんすれいやーず！ [りゅうおうのおしごと！] [不咕鸟汉化组][GUILTY HEARTS (五月雨せつな)].cbz
2025-05-06 11:26:12 | 0:00:11.012361 | ℹ️ INFO     | process_monitor:run_manga_with_monitor:74 - file exists, skip: D:\3EHV\[GUILTY HEARTS (五月雨せつな)]\1. 同人志\(サンクリ 49) no wolf is an island [オオカミさんと七人の仲間たち][GUILTY HEARTS (五月雨せつな)].cbz
2025-05-06 11:26:12 | 0:00:11.113634 | ℹ️ INFO     | process_monitor:run_manga_with_monitor:74 - file exists, skip: D:\3EHV\[GUILTY HEARTS (五月雨せつな)]\1. 同人志\(サンクリ 61) 変態王子と管理する猫。 [変態王子と笑わない猫。][GUILTY HEARTS (五月雨せつな)].cbz
2025-05-06 11:26:12 | 0:00:11.214967 | ℹ️ INFO     | process_monitor:run_manga_with_monitor:74 - file exists, skip: D:\3EHV\[GUILTY HEARTS (五月雨せつな)]\1. 同人志\(僕らのラブライブ！8) H な真姫ちゃんは好きですか？ [ラブライブ！][GUILTY HEARTS (五月雨せつな)].cbz
2025-05-06 11:26:12 | 0:00:11.316407 | ℹ️ INFO     | process_monitor:run_manga_with_monitor:74 - file exists, skip: D:\3EHV\[GUILTY HEARTS (五月雨せつな)]\2. 商业志\(14.10) セックスサーヴァント [男装女子][GUILTY HEARTS (五月雨せつな)].cbz
2025-05-06 11:26:12 | 0:00:11.418190 | ℹ️ INFO     | process_monitor:run_manga_with_monitor:74 - file exists, skip: D:\3EHV\[さ抜き]\1. 同人志\(2023.10) (68X9GJ 机翻) エウリュアレ＆ステンノ [FANBOX] [FGO][さ抜き].cbz
2025-05-06 11:26:12 | 0:00:11.519514 | ℹ️ INFO     | process_monitor:run_manga_with_monitor:74 - file exists, skip: D:\3EHV\[さ抜き]\2. 商业志\(24.08) (COMIC X-EROS #114) 私がゼッタイ、守から [LKM 重嵌] [無修正][さ抜き].cbz
2025-05-06 11:26:12 | 0:00:11.620513 | ℹ️ INFO     | process_monitor:run_manga_with_monitor:74 - file exists, skip: D:\3EHV\[さ抜き]\2. 商业志\(24.12) (COMIC X-EROS #118) 負け戦 [白精汁腥重嵌] [無修正][さ抜き].cbz
2025-05-06 11:26:12 | 0:00:11.721544 | ℹ️ INFO     | process_monitor:run_manga_with_monitor:74 - file exists, skip: D:\3EHV\[さ抜き]\2. 商业志\2. 商业志_散图 [さ抜き].cbz
2025-05-06 11:26:12 | 0:00:11.823301 | ℹ️ INFO     | process_monitor:run_manga_with_monitor:74 - file exists, skip: D:\3EHV\[さ抜き]\2. 商业志\#気持ちいコトには逆らえない\(24.01) (COMIC X-EROS #107) 気持ちいコトには逆らえない #1 [LKM 重嵌] [無修正][さ抜き].cbz
2025-05-06 11:26:12 | 0:00:11.924864 | ℹ️ INFO     | process_monitor:run_manga_with_monitor:74 - file exists, skip: D:\3EHV\[さ抜き]\2. 商业志\#気持ちいコトには逆らえない\(24.04) (COMIC X-EROS #110) 気持ちいコトには逆らえない #2 [白精汁腥重嵌] [無修正][さ抜き].cbz
2025-05-06 11:26:13 | 0:00:12.026098 | ℹ️ INFO     | process_monitor:run_manga_with_monitor:74 - file exists, skip: D:\3EHV\[はだいろクレヨン (羽田暮)]\1. 同人志\(C100) スケベ嫁♡サキュバスタチバナ [アイドルマスター シンデレラガールズ] [绅士仓库汉化][はだいろクレヨン (羽田暮)].cbz
2025-05-06 11:26:13 | 0:00:12.127671 | ℹ️ INFO     | process_monitor:run_manga_with_monitor:74 - file exists, skip: D:\3EHV\[はだいろクレヨン (羽田暮)]\1. 同人志\(C101) 発情うさぎの生ハメご奉仕 [アイドルマスター シンデレラガールズ] [镜面光折射汉化][はだいろクレヨン (羽田暮)].cbz
2025-05-06 11:26:13 | 0:00:12.229407 | ℹ️ INFO     | process_monitor:run_manga_with_monitor:74 - file exists, skip: D:\3EHV\[はだいろクレヨン (羽田暮)]\1. 同人志\(C102) らぶびぃと [アイドルマスター シンデレラガールズ] [吸住没碎个人汉化][はだいろクレヨン (羽田暮)].cbz
2025-05-06 11:26:13 | 0:00:12.331191 | ℹ️ INFO     | process_monitor:run_manga_with_monitor:74 - file exists, skip: D:\3EHV\[はだいろクレヨン (羽田暮)]\1. 同人志\(C104) わたしたちのきょーゆーざいさん [アイドルマスター シンデレラガールズ] [吸住没碎个人汉化][はだいろクレヨン (羽田暮)].cbz
2025-05-06 11:26:13 | 0:00:12.433065 | ℹ️ INFO     | process_monitor:run_manga_with_monitor:74 - file exists, skip: D:\3EHV\[はだいろクレヨン (羽田暮)]\1. 同人志\(C105) まてないわたし [自购] [アイドルマスター シンデレラガールズ][はだいろクレヨン (羽田暮)].cbz
2025-05-06 11:26:13 | 0:00:12.534897 | ℹ️ INFO     | process_monitor:run_manga_with_monitor:74 - file exists, skip: D:\3EHV\[はだいろクレヨン (羽田暮)]\1. 同人志\(C94) オフのひ おうちでふたりきり [アイドルマスター シンデレラガールズ][はだいろクレヨン (羽田暮)].cbz
2025-05-06 11:26:13 | 0:00:12.636285 | ℹ️ INFO     | process_monitor:run_manga_with_monitor:74 - file exists, skip: D:\3EHV\[はだいろクレヨン (羽田暮)]\1. 同人志\(C95) 忍が家でオレの帰りを待っている [アイドルマスター シンデレラガールズ][はだいろクレヨン (羽田暮)].cbz
2025-05-06 11:26:13 | 0:00:12.737581 | ℹ️ INFO     | process_monitor:run_manga_with_monitor:74 - file exists, skip: D:\3EHV\[はだいろクレヨン (羽田暮)]\1. 同人志\(C96) リカは P くん専用のマッサージ屋さんだよ [アイドルマスター シンデレラガールズ] [镜面光折射汉化][はだいろクレヨン (羽田暮)].cbz
2025-05-06 11:26:13 | 0:00:12.838802 | ℹ️ INFO     | process_monitor:run_manga_with_monitor:74 - file exists, skip: D:\3EHV\[はだいろクレヨン (羽田暮)]\1. 同人志\(C99) ラブハメ♡リゾート [アイドルマスター シンデレラガールズ] [绅士仓库汉化][はだいろクレヨン (羽田暮)].cbz
2025-05-06 11:26:14 | 0:00:12.940017 | ℹ️ INFO     | process_monitor:run_manga_with_monitor:74 - file exists, skip: D:\3EHV\[はだいろクレヨン (羽田暮)]\1. 同人志\(歌姫庭園 19) ちえかえ よくばりセット [アイドルマスター シンデレラガールズ][はだいろクレヨン (羽田暮)].cbz
2025-05-06 11:26:14 | 0:00:13.041420 | ℹ️ INFO     | process_monitor:run_manga_with_monitor:74 - file exists, skip: D:\3EHV\[はだいろクレヨン (羽田暮)]\1. 同人志\P くんってホントにコレが好きだよね [アイドルバラエティ] [アイドルマスター シンデレラガールズ][はだいろクレヨン (羽田暮)].cbz
2025-05-06 11:26:14 | 0:00:13.142898 | ℹ️ INFO     | process_monitor:run_manga_with_monitor:74 - file exists, skip: D:\3EHV\[ぽんこつわーくす]\1. 同人志\(C68) アサズバッ！ [ラグナロクオンライン][ぽんこつわーくす].cbz
2025-05-06 11:26:14 | 0:00:13.244022 | ℹ️ INFO     | process_monitor:run_manga_with_monitor:74 - file exists, skip: D:\3EHV\[ぽんこつわーくす]\1. 同人志\(C70) 鶴屋さんの光り輝くおでこにめがっちぶっかけいっ！ [涼宮ハルヒの憂鬱][ぽんこつわーくす].cbz
2025-05-06 11:26:14 | 0:00:13.345301 | ℹ️ INFO     | process_monitor:run_manga_with_monitor:74 - file exists, skip: D:\3EHV\[ぽんこつわーくす]\1. 同人志\(C74) (トゥハート 2) カラフルハーベスト [ぽんこつわーくす].cbz
2025-05-06 11:26:14 | 0:00:13.446538 | ℹ️ INFO     | process_monitor:run_manga_with_monitor:74 - file exists, skip: D:\3EHV\[ぽんこつわーくす]\1. 同人志\(C81) (トゥハート 2) ユマプラス [巧克力汉化组][ぽんこつわーくす].cbz
2025-05-06 11:26:14 | 0:00:13.547651 | ℹ️ INFO     | process_monitor:run_manga_with_monitor:74 - file exists, skip: D:\3EHV\[ぽんこつわーくす]\1. 同人志\(C83) (ToHeart2) 愛と勇気のからふるとらべらー！ [TonyAngel104 手残汉化][ぽんこつわーくす].cbz
2025-05-06 11:26:14 | 0:00:13.648778 | ℹ️ INFO     | process_monitor:run_manga_with_monitor:74 - file exists, skip: D:\3EHV\[ぽんこつわーくす]\1. 同人志\(こみトレ 27) 淫行島へようこそ！ [白猫プロジェクト] [silent_aoi 个人汉化][ぽんこつわーくす].cbz
2025-05-06 11:26:14 | 0:00:13.749836 | ℹ️ INFO     | process_monitor:run_manga_with_monitor:74 - file exists, skip: D:\3EHV\[ぽんこつわーくす]\1. 同人志\(こみトレ 28) 茶熊学園大大大スクープ！ [白猫プロジェクト] [凜音個人漢化][ぽんこつわーくす].cbz
2025-05-06 11:26:14 | 0:00:13.851231 | ℹ️ INFO     | process_monitor:run_manga_with_monitor:74 - file exists, skip: D:\3EHV\[ぽんこつわーくす]\1. 同人志\(こみトレ 9) こみトレ 9 のおまけ本。 [よろず][ぽんこつわーくす].cbz
2025-05-06 11:26:15 | 0:00:13.952592 | ℹ️ INFO     | process_monitor:run_manga_with_monitor:74 - file exists, skip: D:\3EHV\[ぽんこつわーくす]\1. 同人志\(コミコミ 10) べとべとする体液 Finish! [ラグナロクオンライン][ぽんこつわーくす].cbz
2025-05-06 11:26:15 | 0:00:14.053886 | ℹ️ INFO     | process_monitor:run_manga_with_monitor:74 - file exists, skip: D:\3EHV\[ぽんこつわーくす]\1. 同人志\(コミコミ 12) (トゥハート 2) 愛佳と郁乃のやらしい ××[ぽんこつわーくす].cbz
2025-05-06 11:26:15 | 0:00:14.155139 | ℹ️ INFO     | process_monitor:run_manga_with_monitor:74 - file exists, skip: D:\3EHV\[ぽんこつわーくす]\1. 同人志\(コミコミ 13) (ToHeart2) 郁乃ルート完全攻略 X-Rated [ぽんこつわーくす].cbz
2025-05-06 11:26:15 | 0:00:14.256714 | ℹ️ INFO     | process_monitor:run_manga_with_monitor:74 - file exists, skip: D:\3EHV\[ぽんこつわーくす]\1. 同人志\(コミトレ 15) (トゥハート 2) 郁乃でいくの！いかないの！ファイナルいくのんクロニクル [ぽんこつわーくす].cbz
2025-05-06 11:26:15 | 0:00:14.358394 | ℹ️ INFO     | process_monitor:run_manga_with_monitor:74 - file exists, skip: D:\3EHV\[ぽんこつわーくす]\1. 同人志\(サンクリ 31) (トゥハート 2) ゆまなか [ぽんこつわーくす].cbz
2025-05-06 11:26:15 | 0:00:14.460041 | ℹ️ INFO     | process_monitor:run_manga_with_monitor:74 - file exists, skip: D:\3EHV\[ぽんこつわーくす]\1. 同人志\(トゥハート 2) イクノプラス [萌舞の里组汉化][ぽんこつわーくす].cbz
2025-05-06 11:26:15 | 0:00:14.561186 | ℹ️ INFO     | process_monitor:run_manga_with_monitor:74 - file exists, skip: D:\3EHV\[ぽんこつわーくす]\1. 同人志\いちゃエロは洋ナシの香り [白猫プロジェクト][ぽんこつわーくす].cbz
2025-05-06 11:26:15 | 0:00:14.662790 | ℹ️ INFO     | process_monitor:run_manga_with_monitor:74 - file exists, skip: D:\3EHV\[ぽんこつわーくす]\1. 同人志\うちの猫が発情期で寝かせてくれない [兔司姬漢化組][ぽんこつわーくす].cbz
2025-05-06 11:26:15 | 0:00:14.764836 | ℹ️ INFO     | process_monitor:run_manga_with_monitor:74 - file exists, skip: D:\3EHV\[ぽんこつわーくす]\1. 同人志\ちょっとひと狩りイキますか [ラグナロクオンライン][ぽんこつわーくす].cbz
2025-05-06 11:26:15 | 0:00:14.866522 | ℹ️ INFO     | process_monitor:run_manga_with_monitor:74 - file exists, skip: D:\3EHV\[ぽんこつわーくす]\1. 同人志\とあるシスターさんの処女は絶対大切にね！ [とある魔術の禁書目録][ぽんこつわーくす].cbz
2025-05-06 11:26:16 | 0:00:14.968580 | ℹ️ INFO     | process_monitor:run_manga_with_monitor:74 - file exists, skip: D:\3EHV\[ぽんこつわーくす]\1. 同人志\ぶらいんどえっち！ [G & 魔皮卡的女子力研究][ぽんこつわーくす].cbz
2025-05-06 11:26:16 | 0:00:15.087683 | ℹ️ INFO     | process_monitor:run_manga_with_monitor:74 - file exists, skip: D:\3EHV\[ぽんこつわーくす]\1. 同人志\ぽんこつわーくすのすけべ本.cbz
2025-05-06 11:26:16 | 0:00:15.188614 | ℹ️ INFO     | process_monitor:run_manga_with_monitor:74 - file exists, skip: D:\3EHV\[ぽんこつわーくす]\1. 同人志\ナマで配信ヤッてます [无毒汉化组][ぽんこつわーくす].cbz
2025-05-06 11:26:16 | 0:00:15.290329 | ℹ️ INFO     | process_monitor:run_manga_with_monitor:74 - file exists, skip: D:\3EHV\[ぽんこつわーくす]\1. 同人志\彼女日和 [angelafreet 個人漢化][ぽんこつわーくす].cbz
2025-05-06 11:26:16 | 0:00:15.391918 | ℹ️ INFO     | process_monitor:run_manga_with_monitor:74 - file exists, skip: D:\3EHV\[ぽんこつわーくす]\1. 同人志\押しかけ彼女と潔癖君 [夢之行蹤漢化組][ぽんこつわーくす].cbz
2025-05-06 11:26:16 | 0:00:15.493715 | ℹ️ INFO     | process_monitor:run_manga_with_monitor:74 - file exists, skip: D:\3EHV\[ぽんこつわーくす]\1. 同人志\無課金指揮官はジャベリンに永遠の愛を誓う [無邪気漢化組][ぽんこつわーくす].cbz
2025-05-06 11:26:16 | 0:00:15.595139 | ℹ️ INFO     | process_monitor:run_manga_with_monitor:74 - file exists, skip: D:\3EHV\[ぽんこつわーくす]\1. 同人志\超昴閃忍ハルカ 01 [ぽんこつわーくす].cbz
2025-05-06 11:26:16 | 0:00:15.696982 | ℹ️ INFO     | process_monitor:run_manga_with_monitor:74 - file exists, skip: D:\3EHV\[ぽんこつわーくす]\1. 同人志\黒ストちゃんとらぶらぶせっくす [靴下汉化组][ぽんこつわーくす].cbz
2025-05-06 11:26:16 | 0:00:15.797982 | ℹ️ INFO     | process_monitor:run_manga_with_monitor:74 - file exists, skip: D:\3EHV\[ぽんこつわーくす]\1. 同人志\#このたまルートに由真と愛佳が文句を言う本\(C75) (トゥハート 2) このたまルートに由真と愛佳が文句を言う本 [ぽんこつわーくす].cbz
2025-05-06 11:26:16 | 0:00:15.899220 | ℹ️ INFO     | process_monitor:run_manga_with_monitor:74 - file exists, skip: D:\3EHV\[ぽんこつわーくす]\1. 同人志\#このたまルートに由真と愛佳が文句を言う本\(サンクリ 41) (トゥハート 2) このたまルートに由真と愛佳が文句を言う本 準備号 [ぽんこつわーくす].cbz
2025-05-06 11:26:17 | 0:00:16.000504 | ℹ️ INFO     | process_monitor:run_manga_with_monitor:74 - file exists, skip: D:\3EHV\[ぽんこつわーくす]\1. 同人志\#ぽんこつグラフィティ\(C74) (トゥハート 2) ぽんこつグラフィティ 02 [ぽんこつわーくす].cbz
2025-05-06 11:26:17 | 0:00:16.102000 | ℹ️ INFO     | process_monitor:run_manga_with_monitor:74 - file exists, skip: D:\3EHV\[ぽんこつわーくす]\1. 同人志\#ぽんこつグラフィティ\(C74) ぽんこつグラフィティ 03 [よろず][ぽんこつわーくす].cbz
2025-05-06 11:26:17 | 0:00:16.203551 | ℹ️ INFO     | process_monitor:run_manga_with_monitor:74 - file exists, skip: D:\3EHV\[ぽんこつわーくす]\1. 同人志\#ぽんこつグラフィティ\(C75) (トゥハート 2) ぽんこつグラフィティ 04 [ぽんこつわーくす].cbz
2025-05-06 11:26:17 | 0:00:16.304738 | ℹ️ INFO     | process_monitor:run_manga_with_monitor:74 - file exists, skip: D:\3EHV\[ぽんこつわーくす]\1. 同人志\#ぽんこつグラフィティ\(C76) ぽんこつグラフィティ 06 [よろず][ぽんこつわーくす].cbz
2025-05-06 11:26:17 | 0:00:16.405842 | ℹ️ INFO     | process_monitor:run_manga_with_monitor:74 - file exists, skip: D:\3EHV\[ぽんこつわーくす]\1. 同人志\#ぽんこつグラフィティ\(C77) (トゥハート 2) ぽんこつグラフィティ 08 [颜無の月翻译 & 猫猫仔 K 修图][ぽんこつわーくす].cbz
2025-05-06 11:26:17 | 0:00:16.506968 | ℹ️ INFO     | process_monitor:run_manga_with_monitor:74 - file exists, skip: D:\3EHV\[ぽんこつわーくす]\1. 同人志\#ぽんこつグラフィティ\(C78) (トゥハート 2) ぽんこつグラフィティ 10 [ぽんこつわーくす].cbz
2025-05-06 11:26:17 | 0:00:16.608590 | ℹ️ INFO     | process_monitor:run_manga_with_monitor:74 - file exists, skip: D:\3EHV\[ぽんこつわーくす]\1. 同人志\#ぽんこつグラフィティ\(コミトレ 14) ぽんこつグラフィティ 07 [よろず][ぽんこつわーくす].cbz
2025-05-06 11:26:17 | 0:00:16.710413 | ℹ️ INFO     | process_monitor:run_manga_with_monitor:74 - file exists, skip: D:\3EHV\[ぽんこつわーくす]\1. 同人志\#ゆまんこ\(C76) (トゥハート 2) ゆまんこ [ぽんこつわーくす].cbz
2025-05-06 11:26:17 | 0:00:16.812371 | ℹ️ INFO     | process_monitor:run_manga_with_monitor:74 - file exists, skip: D:\3EHV\[ぽんこつわーくす]\1. 同人志\#ゆまんこ\(トゥハート 2) ゆまんこおかわり！ [萌の羽翼汉化组][ぽんこつわーくす].cbz
2025-05-06 11:26:17 | 0:00:16.913786 | ℹ️ INFO     | process_monitor:run_manga_with_monitor:74 - file exists, skip: D:\3EHV\[ぽんこつわーくす]\1. 同人志\#不幸な向坂環\(C77) (トゥハート 2) さっぱり不幸な向坂環 [颜無の月翻译 & 猫猫仔 K 修图][ぽんこつわーくす].cbz
2025-05-06 11:26:18 | 0:00:17.014769 | ℹ️ INFO     | process_monitor:run_manga_with_monitor:74 - file exists, skip: D:\3EHV\[ぽんこつわーくす]\1. 同人志\#不幸な向坂環\(C78) (トゥハート 2) 結局不幸な向坂環 [水晶海漢化組][ぽんこつわーくす].cbz
2025-05-06 11:26:18 | 0:00:17.116303 | ℹ️ INFO     | process_monitor:run_manga_with_monitor:74 - file exists, skip: D:\3EHV\[ぽんこつわーくす]\1. 同人志\#不幸な向坂環\(コミトレ 14) (トゥハート 2) 世にも不幸な向坂環 [ぽんこつわーくす].cbz
2025-05-06 11:26:18 | 0:00:17.217462 | ℹ️ INFO     | process_monitor:run_manga_with_monitor:74 - file exists, skip: D:\3EHV\[ぽんこつわーくす]\1. 同人志\#究極令嬢西園静香の華麗なる\[ぽんこつわーくす} 究極令嬢西園静香の華麗なる大団円.cbz
2025-05-06 11:26:18 | 0:00:17.318825 | ℹ️ INFO     | process_monitor:run_manga_with_monitor:74 - file exists, skip: D:\3EHV\[ぽんこつわーくす]\1. 同人志\#究極令嬢西園静香の華麗なる\究極令嬢西園静香の華麗なる困惑 [ぽんこつわーくす].cbz
2025-05-06 11:26:18 | 0:00:17.420424 | ℹ️ INFO     | process_monitor:run_manga_with_monitor:74 - file exists, skip: D:\3EHV\[ぽんこつわーくす]\1. 同人志\#究極令嬢西園静香の華麗なる\究極令嬢西園静香の華麗なる逃亡 [ぽんこつわーくす].cbz
2025-05-06 11:26:18 | 0:00:17.521504 | ℹ️ INFO     | process_monitor:run_manga_with_monitor:74 - file exists, skip: D:\3EHV\[ぽんこつわーくす]\2. 单行本\からふるはーべすと [Badluck1205&Final 個人漢化][ぽんこつわーくす].cbz
2025-05-06 11:26:18 | 0:00:17.623382 | ℹ️ INFO     | process_monitor:run_manga_with_monitor:74 - file exists, skip: D:\3EHV\[ぽんこつわーくす]\2. 单行本\ギリギリ純愛白書 [仮] [脸肿汉化组][ぽんこつわーくす].cbz
2025-05-06 11:26:18 | 0:00:17.724933 | ℹ️ INFO     | process_monitor:run_manga_with_monitor:74 - file exists, skip: D:\3EHV\[ぽんこつわーくす]\2. 单行本\#お嬢様は逃げ出した\お嬢様は逃げ出した CH.01 [指○奶茶步兵團][ぽんこつわーくす].cbz
2025-05-06 11:26:18 | 0:00:17.827151 | ℹ️ INFO     | process_monitor:run_manga_with_monitor:74 - file exists, skip: D:\3EHV\[ぽんこつわーくす]\2. 单行本\#お嬢様は逃げ出した\お嬢様は逃げ出した CH.02 [指○奶茶步兵團][ぽんこつわーくす].cbz
2025-05-06 11:26:19 | 0:00:17.928380 | ℹ️ INFO     | process_monitor:run_manga_with_monitor:74 - file exists, skip: D:\3EHV\[ぽんこつわーくす]\2. 单行本\#お嬢様は逃げ出した\お嬢様は逃げ出した Vol. 3 [ぽんこつわーくす].cbz
2025-05-06 11:26:19 | 0:00:18.029762 | ℹ️ INFO     | process_monitor:run_manga_with_monitor:74 - file exists, skip: D:\3EHV\[もれりあすたんだーど (しゅる版)]\1. 同人志\(2024.03) イブキちゃん [FANBOX] [ブルーアーカイブ] [欶澜汉化组][もれりあすたんだーど (しゅる版)].cbz
2025-05-06 11:26:19 | 0:00:18.131537 | ℹ️ INFO     | process_monitor:run_manga_with_monitor:74 - file exists, skip: D:\3EHV\[もれりあすたんだーど (しゅる版)]\1. 同人志\(C101) ムツキとふたりで。 [買動漫授權中文版] [ブルーアーカイブ] [無修正][もれりあすたんだーど (しゅる版)].cbz
2025-05-06 11:26:19 | 0:00:18.232887 | ℹ️ INFO     | process_monitor:run_manga_with_monitor:74 - file exists, skip: D:\3EHV\[もれりあすたんだーど (しゅる版)]\1. 同人志\(C102) アリスの魔法、使いますか？ [買動漫授權中文版] [ブルーアーカイブ] [無修正][もれりあすたんだーど (しゅる版)].cbz
2025-05-06 11:26:19 | 0:00:18.334794 | ℹ️ INFO     | process_monitor:run_manga_with_monitor:74 - file exists, skip: D:\3EHV\[もれりあすたんだーど (しゅる版)]\2. 商业志\(23.06) (WEEKLY 快楽天 2023 No.22) 先生、こっち向いて。[もれりあすたんだーど (しゅる版)].cbz
2025-05-06 11:26:19 | 0:00:18.437052 | ℹ️ INFO     | process_monitor:run_manga_with_monitor:74 - file exists, skip: D:\3EHV\[もれりあすたんだーど (しゅる版)]\2. 商业志\(24.06) (WEEKLY 快楽天 2024 No.21) なんでおっきくなるの？[もれりあすたんだーど (しゅる版)].cbz
2025-05-06 11:26:19 | 0:00:18.538350 | ℹ️ INFO     | process_monitor:run_manga_with_monitor:74 - file exists, skip: D:\3EHV\[もれりあすたんだーど (しゅる版)]\2. 商业志\(25.04) (COMIC 快楽天 2025 年 4 月号) すーぱーふらすとれーしょん [もれりあすたんだーど (しゅる版)].cbz
2025-05-06 11:26:19 | 0:00:18.639969 | ℹ️ INFO     | process_monitor:run_manga_with_monitor:74 - file exists, skip: D:\3EHV\[サークルフィオレ (えかきびと)]\1. 同人志\(2021.08) カワイイ禁止 [ラブライブ！虹ヶ咲学園スクールアイドル同好会] [万象升温汉化工作室][サークルフィオレ (えかきびと)].cbz
2025-05-06 11:26:19 | 0:00:18.741732 | ℹ️ INFO     | process_monitor:run_manga_with_monitor:74 - file exists, skip: D:\3EHV\[サークルフィオレ (えかきびと)]\1. 同人志\(C84) ちーちゃん魔王を押し倒す [はたらく魔王さま！] [脸肿汉化组][サークルフィオレ (えかきびと)].cbz
2025-05-06 11:26:19 | 0:00:18.844419 | ℹ️ INFO     | process_monitor:run_manga_with_monitor:74 - file exists, skip: D:\3EHV\[サークルフィオレ (えかきびと)]\1. 同人志\(C90) レムは嫌な子になってしまいます…。 [Re：ゼロから始める異世界生活][サークルフィオレ (えかきびと)].cbz
2025-05-06 11:26:20 | 0:00:18.946266 | ℹ️ INFO     | process_monitor:run_manga_with_monitor:74 - file exists, skip: D:\3EHV\[サークルフィオレ (えかきびと)]\1. 同人志\(C91) Re ゼロから始める花のある生活 [Re：ゼロから始める異世界生活][サークルフィオレ (えかきびと)].cbz
2025-05-06 11:26:20 | 0:00:19.048150 | ℹ️ INFO     | process_monitor:run_manga_with_monitor:74 - file exists, skip: D:\3EHV\[サークルフィオレ (えかきびと)]\1. 同人志\(C92) 千寿ムラマサとこっそり来た温泉旅館で浮気エッチする本 [冊語草堂] [エロマンガ先生][サークルフィオレ (えかきびと)].cbz
2025-05-06 11:26:20 | 0:00:19.149476 | ℹ️ INFO     | process_monitor:run_manga_with_monitor:74 - file exists, skip: D:\3EHV\[サークルフィオレ (えかきびと)]\1. 同人志\(C92) 神野めぐみとネカフェのカップルシートでイチャイチャする本 [冊語草堂] [エロマンガ先生][サークルフィオレ (えかきびと)].cbz
2025-05-06 11:26:20 | 0:00:19.251851 | ℹ️ INFO     | process_monitor:run_manga_with_monitor:74 - file exists, skip: D:\3EHV\[サークルフィオレ (えかきびと)]\1. 同人志\(C93) おつかれさまですししょー [りゅうおうのおしごと！] [oo 君個人漢化][サークルフィオレ (えかきびと)].cbz
2025-05-06 11:26:20 | 0:00:19.354026 | ℹ️ INFO     | process_monitor:run_manga_with_monitor:74 - file exists, skip: D:\3EHV\[サークルフィオレ (えかきびと)]\1. 同人志\(C93) 愛情よりも探究心 [FGO] [黑锅汉化组][サークルフィオレ (えかきびと)].cbz
2025-05-06 11:26:20 | 0:00:19.455646 | ℹ️ INFO     | process_monitor:run_manga_with_monitor:74 - file exists, skip: D:\3EHV\[サークルフィオレ (えかきびと)]\1. 同人志\(C95) 先生は取材の為休載です [FGO] [脸肿汉化组][サークルフィオレ (えかきびと)].cbz
2025-05-06 11:26:20 | 0:00:19.557555 | ℹ️ INFO     | process_monitor:run_manga_with_monitor:74 - file exists, skip: D:\3EHV\[サークルフィオレ (えかきびと)]\1. 同人志\(COMIC1☆11) 美智留の冴えない作り泣き。 [冴えない彼女の育てかた][サークルフィオレ (えかきびと)].cbz
2025-05-06 11:26:20 | 0:00:19.659744 | ℹ️ INFO     | process_monitor:run_manga_with_monitor:74 - file exists, skip: D:\3EHV\[サークルフィオレ (えかきびと)]\1. 同人志\(COMIC1☆15) とろけるちょこれーとでぃっぷ [アイドルマスター シャイニーカラーズ][サークルフィオレ (えかきびと)].cbz
2025-05-06 11:26:20 | 0:00:19.761263 | ℹ️ INFO     | process_monitor:run_manga_with_monitor:74 - file exists, skip: D:\3EHV\[サークルフィオレ (えかきびと)]\1. 同人志\(COMIC1☆21) 王様な彼女 [夢中璞影個人漢化][サークルフィオレ (えかきびと)].cbz
2025-05-06 11:26:20 | 0:00:19.863462 | ℹ️ INFO     | process_monitor:run_manga_with_monitor:74 - file exists, skip: D:\3EHV\[サークルフィオレ (えかきびと)]\1. 同人志\(COMIC1☆5) おいでませっシャルロッ党 [IS＜インフィニット・ストラトス＞][サークルフィオレ (えかきびと)].cbz
2025-05-06 11:26:21 | 0:00:19.965402 | ℹ️ INFO     | process_monitor:run_manga_with_monitor:74 - file exists, skip: D:\3EHV\[サークルフィオレ (えかきびと)]\1. 同人志\(COMIC1☆7) これからはあんこでもいいよ？ [たまこまーけっと] [脸肿汉化组][サークルフィオレ (えかきびと)].cbz
2025-05-06 11:26:21 | 0:00:20.067540 | ℹ️ INFO     | process_monitor:run_manga_with_monitor:74 - file exists, skip: D:\3EHV\[サークルフィオレ (えかきびと)]\1. 同人志\(COMIC1☆8) アイラ・レイジトイチャイチャスキヤネン！ [ガンダムビルドファイターズ][サークルフィオレ (えかきびと)].cbz
2025-05-06 11:26:21 | 0:00:20.169154 | ℹ️ INFO     | process_monitor:run_manga_with_monitor:74 - file exists, skip: D:\3EHV\[サークルフィオレ (えかきびと)]\1. 同人志\(サンクリ 52) 嗚呼、青春汁まみれ。 [花咲くいろは][サークルフィオレ (えかきびと)].cbz
2025-05-06 11:26:21 | 0:00:20.270594 | ℹ️ INFO     | process_monitor:run_manga_with_monitor:74 - file exists, skip: D:\3EHV\[サークルフィオレ (えかきびと)]\1. 同人志\17 センチ♂と 170 センチ♀とセンチメンタル [LO きゅーぶ！] [ロウきゅーぶ！][サークルフィオレ (えかきびと)].cbz
2025-05-06 11:26:21 | 0:00:20.372143 | ℹ️ INFO     | process_monitor:run_manga_with_monitor:74 - file exists, skip: D:\3EHV\[サークルフィオレ (えかきびと)]\2. 商业志\(12.09) (COMIC 舞姫無双 ACT.01) 2 段ベッド [サークルフィオレ (えかきびと)].cbz
2025-05-06 11:26:21 | 0:00:20.473699 | ℹ️ INFO     | process_monitor:run_manga_with_monitor:74 - file exists, skip: D:\3EHV\[サークルフィオレ (えかきびと)]\2. 商业志\(12.11) (COMIC 舞姫無双 ACT.02) 秘密図書 [サークルフィオレ (えかきびと)].cbz
2025-05-06 11:26:21 | 0:00:20.574973 | ℹ️ INFO     | process_monitor:run_manga_with_monitor:74 - file exists, skip: D:\3EHV\[サークルフィオレ (えかきびと)]\2. 商业志\(13.01) (COMIC 舞姫無双 ACT.03) 遊泳環境 [サークルフィオレ (えかきびと)].cbz
2025-05-06 11:26:21 | 0:00:20.676015 | ℹ️ INFO     | process_monitor:run_manga_with_monitor:74 - file exists, skip: D:\3EHV\[サークルフィオレ (えかきびと)]\2. 商业志\(13.07) (COMIC X-EROS #06) また今度同じ場所で違う私で [天鹅之恋][サークルフィオレ (えかきびと)].cbz
2025-05-06 11:26:21 | 0:00:20.777149 | ℹ️ INFO     | process_monitor:run_manga_with_monitor:74 - file exists, skip: D:\3EHV\[サークルフィオレ (えかきびと)]\2. 商业志\(16.06) (COMIC アナンガ・ランガ Vol.9) ハメこもり～引きこもり妹に H なリハビリ！～第 1 話 [サークルフィオレ (えかきびと)].cbz
2025-05-06 11:26:21 | 0:00:20.878987 | ℹ️ INFO     | process_monitor:run_manga_with_monitor:74 - file exists, skip: D:\3EHV\[サークルフィオレ (えかきびと)]\2. 商业志\(16.11) (COMIC アナンガ・ランガ Vol.14) ハメこもり～引きこもり妹に H なリハビリ！～第 2 話 [サークルフィオレ (えかきびと)].cbz
2025-05-06 11:26:22 | 0:00:20.980765 | ℹ️ INFO     | process_monitor:run_manga_with_monitor:74 - file exists, skip: D:\3EHV\[サークルフィオレ (えかきびと)]\2. 商业志\(17.11) (COMIC アナンガ・ランガ Vol.28) ハメこもり～引きこもり妹に H なリハビリ！～第 3 話 [サークルフィオレ (えかきびと)].cbz
2025-05-06 11:26:22 | 0:00:21.082339 | ℹ️ INFO     | process_monitor:run_manga_with_monitor:74 - file exists, skip: D:\3EHV\[サークルフィオレ (えかきびと)]\3. 单行本\(2018) チューにんぐ♥すぽっと [4K 掃圖組][サークルフィオレ (えかきびと)].cbz
2025-05-06 11:26:22 | 0:00:21.183598 | ℹ️ INFO     | process_monitor:run_manga_with_monitor:74 - file exists, skip: D:\3EHV\[サークルフィオレ (えかきびと)]\3. 单行本\(2018) チューにんぐ♥すぽっと [期远重制] [無修正][サークルフィオレ (えかきびと)].cbz
2025-05-06 11:26:22 | 0:00:21.285780 | ℹ️ INFO     | process_monitor:run_manga_with_monitor:74 - file exists, skip: D:\3EHV\[傘ブタ]\1. 同人志\Fanbox 汉化杂图 [醫學院好難讀 CMUMT43 個人翻譯][傘ブタ].cbz
2025-05-06 11:26:22 | 0:00:21.387528 | ℹ️ INFO     | process_monitor:run_manga_with_monitor:74 - file exists, skip: D:\3EHV\[傘ブタ]\1. 同人志\TS サキュバス病が流行っている世界の日常 [Aelitr 个人汉化][傘ブタ].cbz
2025-05-06 11:26:22 | 0:00:21.489398 | ℹ️ INFO     | process_monitor:run_manga_with_monitor:74 - file exists, skip: D:\3EHV\[傘ブタ]\1. 同人志\オタクくんとの距離感がバグってる女友達 [醫學院好難讀 CMUMT43 個人翻譯][傘ブタ].cbz
2025-05-06 11:26:22 | 0:00:21.590961 | ℹ️ INFO     | process_monitor:run_manga_with_monitor:74 - file exists, skip: D:\3EHV\新建文件夹\[かおかおいやん (自家太郎)]\1. 同人志\(C95) 北欧の女神とチャラ男のルーン [黎欧 × 新桥月白日语社] [FGO][かおかおいやん (自家太郎)].cbz
2025-05-06 11:26:22 | 0:00:21.692780 | ℹ️ INFO     | process_monitor:run_manga_with_monitor:74 - file exists, skip: D:\3EHV\新建文件夹\[かおかおいやん (自家太郎)]\1. 同人志\(COMIC1☆14) 沖田ちゃんがなんでもしてくれるおはなし [FGO] [黑锅汉化组][かおかおいやん (自家太郎)].cbz
2025-05-06 11:26:22 | 0:00:21.794192 | ℹ️ INFO     | process_monitor:run_manga_with_monitor:74 - file exists, skip: D:\3EHV\新建文件夹\[かおかおいやん (自家太郎)]\1. 同人志\#合刊\(C93) 見ちゃダメぇっ！~ 東方脱糞羞恥合同～ [芋。(よろず)] [東方 Project] [臭鼬娘漢化組][かおかおいやん (自家太郎)].cbz
2025-05-06 11:26:22 | 0:00:21.899585 | ℹ️ INFO     | process_monitor:run_manga_with_monitor:74 - file exists, skip: D:\3EHV\新建文件夹\[かおかおいやん (自家太郎)]\1. 同人志\#合刊\(C95) ドスケベセイバーウォーズ 3 [あとりえスターズ (よろず)] [FGO][かおかおいやん (自家太郎)].cbz
2025-05-06 11:26:23 | 0:00:22.000915 | ℹ️ INFO     | process_monitor:run_manga_with_monitor:74 - file exists, skip: D:\3EHV\新建文件夹\[かおかおいやん (自家太郎)]\1. 同人志\#合刊\(C96) このすば合同誌っ！ [んほぉおおおぉおおおおおお♥おっ♥おっ♥ (よろず)] [この素晴らしい世界に祝福を！] [天煌汉化组][かおかおいやん (自家太郎)].cbz
2025-05-06 11:26:23 | 0:00:22.103063 | ℹ️ INFO     | process_monitor:run_manga_with_monitor:74 - file exists, skip: D:\3EHV\新建文件夹\[さくらがーでん (しろすず)]\1. 同人志\(C100) 大人の先生がムツキちゃんに負けちゃう本 [ブルーアーカイブ] [TMDlixin250 汉化][さくらがーでん (しろすず)].cbz
2025-05-06 11:26:23 | 0:00:22.204555 | ℹ️ INFO     | process_monitor:run_manga_with_monitor:74 - file exists, skip: D:\3EHV\新建文件夹\[さくらがーでん (しろすず)]\1. 同人志\(C101) ホ込み 0 円 レイヤー 2 人付き [買動漫授權中文版] [その着せ替え人形は恋をする] [無修正][さくらがーでん (しろすず)].cbz
2025-05-06 11:26:23 | 0:00:22.306150 | ℹ️ INFO     | process_monitor:run_manga_with_monitor:74 - file exists, skip: D:\3EHV\新建文件夹\[さくらがーでん (しろすず)]\1. 同人志\(C81) 天狗様の躾け方 姫海棠はたての場合 [東方 Project][さくらがーでん (しろすず)].cbz
2025-05-06 11:26:23 | 0:00:22.407848 | ℹ️ INFO     | process_monitor:run_manga_with_monitor:74 - file exists, skip: D:\3EHV\新建文件夹\[さくらがーでん (しろすず)]\1. 同人志\(C82) 天狗様の弄り方 犬走椛の場合 [東方 Project][さくらがーでん (しろすず)].cbz
2025-05-06 11:26:23 | 0:00:22.509719 | ℹ️ INFO     | process_monitor:run_manga_with_monitor:74 - file exists, skip: D:\3EHV\新建文件夹\[さくらがーでん (しろすず)]\1. 同人志\(C92) さんきっすだいばー [舰 C] [靴下汉化组][さくらがーでん (しろすず)].cbz
2025-05-06 11:26:23 | 0:00:22.611156 | ℹ️ INFO     | process_monitor:run_manga_with_monitor:74 - file exists, skip: D:\3EHV\新建文件夹\[さくらがーでん (しろすず)]\1. 同人志\(COMIC1 BS 祭 スペシャル) 無題 [角砂糖] [あんたはここでふゆとイクのよ～冬優子イチャラブエロ合同～] [アイドルマスター シャイニーカ [さくらがーでん (しろすず)].cbz
2025-05-06 11:26:23 | 0:00:22.712965 | ℹ️ INFO     | process_monitor:run_manga_with_monitor:74 - file exists, skip: D:\3EHV\新建文件夹\[さくらがーでん (しろすず)]\1. 同人志\(ぱんっあ☆ふぉー！11) 愛里寿ちゃんと秘密の行為室 [ガールズ & パンツァー] [Lolipoi 汉化组][さくらがーでん (しろすず)].cbz
2025-05-06 11:26:23 | 0:00:22.814059 | ℹ️ INFO     | process_monitor:run_manga_with_monitor:74 - file exists, skip: D:\3EHV\新建文件夹\[さくらがーでん (しろすず)]\1. 同人志\(コミティア 140) 強制敗北イベント [フェチズムポケット] [メスガキに分からせられる本] [changl 个人汉化][さくらがーでん (しろすず)].cbz
2025-05-06 11:26:23 | 0:00:22.915470 | ℹ️ INFO     | process_monitor:run_manga_with_monitor:74 - file exists, skip: D:\3EHV\新建文件夹\[さくらがーでん (しろすず)]\1. 同人志\(例大祭 9) 天狗様の堕し方 射命丸文の場合 [東方 Project][さくらがーでん (しろすず)].cbz
2025-05-06 11:26:24 | 0:00:23.017267 | ℹ️ INFO     | process_monitor:run_manga_with_monitor:74 - file exists, skip: D:\3EHV\新建文件夹\[さくらがーでん (しろすず)]\1. 同人志\アイシャちゃれんじ☆4 [もっと割るのです… 王子] [千年戦争アイギス] [DarkZ 汉化][さくらがーでん (しろすず)].cbz
2025-05-06 11:26:24 | 0:00:23.119219 | ℹ️ INFO     | process_monitor:run_manga_with_monitor:74 - file exists, skip: D:\3EHV\新建文件夹\[さくらがーでん (しろすず)]\1. 同人志\#合刊\(COMIC1 BS 祭 スペシャル) あんたはここでふゆとイクのよ～冬優子イチャラブエロ合同～ [角砂糖 (よろず)] [アイドルマスター シャイニー [さくらがーでん (しろすず)].cbz
2025-05-06 11:26:24 | 0:00:23.220504 | ℹ️ INFO     | process_monitor:run_manga_with_monitor:74 - file exists, skip: D:\3EHV\新建文件夹\[さくらがーでん (しろすず)]\1. 同人志\#合刊\(コミティア 140) メスガキに分からせられる本 [フェチズムポケット (よろず)][さくらがーでん (しろすず)].cbz
2025-05-06 11:26:24 | 0:00:23.321911 | ℹ️ INFO     | process_monitor:run_manga_with_monitor:74 - file exists, skip: D:\3EHV\新建文件夹\[さくらがーでん (しろすず)]\1. 同人志\#合刊\(サンクリ 2019 Summer) 知りたいキモチ [性 (聖)☆好奇心ガールズ (よろず)][さくらがーでん (しろすず)].cbz
2025-05-06 11:26:24 | 0:00:23.423008 | ℹ️ INFO     | process_monitor:run_manga_with_monitor:74 - file exists, skip: D:\3EHV\新建文件夹\[さくらがーでん (しろすず)]\2. 商业志\(20.05) (二次元コミックマガジン ケツマン調教で肛門ポルチオアクメ！Vol.1) サキュバスさんは人間に敗北してしまったようです [不可视汉化][さくらがーでん (しろすず)].cbz
2025-05-06 11:26:24 | 0:00:23.524897 | ℹ️ INFO     | process_monitor:run_manga_with_monitor:74 - file exists, skip: D:\3EHV\新建文件夹\[さくらがーでん (しろすず)]\2. 商业志\(21.05) (COMIC ホットミルク 2021 年 5 月号) メスガキになんて負けない！[さくらがーでん (しろすず)].cbz
2025-05-06 11:26:24 | 0:00:23.626019 | ℹ️ INFO     | process_monitor:run_manga_with_monitor:74 - file exists, skip: D:\3EHV\新建文件夹\[さくらがーでん (しろすず)]\2. 商业志\(21.10) (二次元コミックマガジン メスガキ催眠制裁エッチ！Vol.2) メスガキコントローラー [さくらがーでん (しろすず)].cbz
2025-05-06 11:26:24 | 0:00:23.727390 | ℹ️ INFO     | process_monitor:run_manga_with_monitor:74 - file exists, skip: D:\3EHV\新建文件夹\[さくらがーでん (しろすず)]\2. 商业志\(21.12) (COMIC ホットミルク 2021 年 12 月号) 後輩ちゃんはチョロ甘い♡[さくらがーでん (しろすず)].cbz
2025-05-06 11:26:24 | 0:00:23.828865 | ℹ️ INFO     | process_monitor:run_manga_with_monitor:74 - file exists, skip: D:\3EHV\新建文件夹\[さくらがーでん (しろすず)]\2. 商业志\(22.07) (COMIC ホットミルク 2022 年 7 月号) 性処理委員会活動記録 [さくらがーでん (しろすず)].cbz
2025-05-06 11:26:25 | 0:00:23.930992 | ℹ️ INFO     | process_monitor:run_manga_with_monitor:74 - file exists, skip: D:\3EHV\新建文件夹\[さくらがーでん (しろすず)]\2. 商业志\(23.02) (COMIC ホットミルク 2023 年 2 月号) オキツネサマパニッシュ [さくらがーでん (しろすず)].cbz
2025-05-06 11:26:25 | 0:00:24.032216 | ℹ️ INFO     | process_monitor:run_manga_with_monitor:74 - file exists, skip: D:\3EHV\新建文件夹\[さくらがーでん (しろすず)]\2. 商业志\(23.07) (COMIC ホットミルク 2023 年 7 月号) オフパコなう [白杨汉化组][さくらがーでん (しろすず)].cbz
2025-05-06 11:26:25 | 0:00:24.133859 | ℹ️ INFO     | process_monitor:run_manga_with_monitor:74 - file exists, skip: D:\3EHV\新建文件夹\[さくらがーでん (しろすず)]\2. 商业志\(24.01) (COMIC ホットミルク 2024 年 1 月号) 中の人 [さくらがーでん (しろすず)].cbz
2025-05-06 11:26:25 | 0:00:24.235327 | ℹ️ INFO     | process_monitor:run_manga_with_monitor:74 - file exists, skip: D:\3EHV\新建文件夹\[さくらがーでん (しろすず)]\2. 商业志\(24.08) (COMIC ホットミルク 2024 年 8 月号) オモチャであそぼう！[さくらがーでん (しろすず)].cbz
2025-05-06 11:26:25 | 0:00:24.336796 | ℹ️ INFO     | process_monitor:run_manga_with_monitor:74 - file exists, skip: D:\3EHV\新建文件夹\[さくらがーでん (しろすず)]\2. 商业志\(25.02) (COMIC ホットミルク 2025 年 2 月号) 風俗喫茶へようこそ！[さくらがーでん (しろすず)].cbz
2025-05-06 11:26:25 | 0:00:24.438595 | ℹ️ INFO     | process_monitor:run_manga_with_monitor:74 - file exists, skip: D:\3EHV\新建文件夹\[三調四季、九調四季 (調四季)]\1. 同人志\(2018.07) このめぐみんを！ [この素晴らしい世界に祝福を！] [零星漢化組][三調四季、九調四季 (調四季)].cbz
2025-05-06 11:26:25 | 0:00:24.540402 | ℹ️ INFO     | process_monitor:run_manga_with_monitor:74 - file exists, skip: D:\3EHV\新建文件夹\[三調四季、九調四季 (調四季)]\1. 同人志\(2018.07) 違法 VR 初体験 [ソードアート・オンライン オルタナティブ ガンゲイル・オンライン] [零食汉化组][三調四季、九調四季 (調四季)].cbz
2025-05-06 11:26:25 | 0:00:24.642066 | ℹ️ INFO     | process_monitor:run_manga_with_monitor:74 - file exists, skip: D:\3EHV\新建文件夹\[三調四季、九調四季 (調四季)]\1. 同人志\(2018.08) じゃあ、しゃぶっていいですか [战栗的玻璃棒汉化][三調四季、九調四季 (調四季)].cbz
2025-05-06 11:26:25 | 0:00:24.743325 | ℹ️ INFO     | process_monitor:run_manga_with_monitor:74 - file exists, skip: D:\3EHV\新建文件夹\[三調四季、九調四季 (調四季)]\1. 同人志\(2018.10) ポーションエルフ [菓子铺汉化][三調四季、九調四季 (調四季)].cbz
2025-05-06 11:26:25 | 0:00:24.844835 | ℹ️ INFO     | process_monitor:run_manga_with_monitor:74 - file exists, skip: D:\3EHV\新建文件夹\[三調四季、九調四季 (調四季)]\1. 同人志\(2018.10) 風紀委員長は薬に弱い 1 [新桥月白日语社][三調四季、九調四季 (調四季)].cbz
2025-05-06 11:26:26 | 0:00:24.946327 | ℹ️ INFO     | process_monitor:run_manga_with_monitor:74 - file exists, skip: D:\3EHV\新建文件夹\[三調四季、九調四季 (調四季)]\1. 同人志\(2018.12) 催眠で… 1 [雪子漢化][三調四季、九調四季 (調四季)].cbz
2025-05-06 11:26:26 | 0:00:25.047739 | ℹ️ INFO     | process_monitor:run_manga_with_monitor:74 - file exists, skip: D:\3EHV\新建文件夹\[三調四季、九調四季 (調四季)]\1. 同人志\(2019.01) 催眠で… 2 [Lolipoi 汉化组][三調四季、九調四季 (調四季)].cbz
2025-05-06 11:26:26 | 0:00:25.149450 | ℹ️ INFO     | process_monitor:run_manga_with_monitor:74 - file exists, skip: D:\3EHV\新建文件夹\[三調四季、九調四季 (調四季)]\1. 同人志\(2019.06) 風紀委員長は薬に弱い 2 [新桥月白日语社][三調四季、九調四季 (調四季)].cbz
2025-05-06 11:26:26 | 0:00:25.251297 | ℹ️ INFO     | process_monitor:run_manga_with_monitor:74 - file exists, skip: D:\3EHV\新建文件夹\[三調四季、九調四季 (調四季)]\1. 同人志\(2019.11) 催眠を… 1 [悠叔重嵌] [無修正][三調四季、九調四季 (調四季)].cbz
2025-05-06 11:26:26 | 0:00:25.353308 | ℹ️ INFO     | process_monitor:run_manga_with_monitor:74 - file exists, skip: D:\3EHV\新建文件夹\[三調四季、九調四季 (調四季)]\1. 同人志\(2020.06) ついてる [悠叔重嵌] [無修正][三調四季、九調四季 (調四季)].cbz
2025-05-06 11:26:26 | 0:00:25.455143 | ℹ️ INFO     | process_monitor:run_manga_with_monitor:74 - file exists, skip: D:\3EHV\新建文件夹\[三調四季、九調四季 (調四季)]\1. 同人志\(2020.10) 催眠を… 2 [悠叔重嵌] [無修正][三調四季、九調四季 (調四季)].cbz
2025-05-06 11:26:26 | 0:00:25.556961 | ℹ️ INFO     | process_monitor:run_manga_with_monitor:74 - file exists, skip: D:\3EHV\新建文件夹\[壞菇社、壞茸社 (Chicke III、4why)]\1. 同人志\(C102) 純潔の才能 [リコリス・リコイル] [胸垫汉化组][壞菇社、壞茸社 (Chicke III、4why)].cbz
2025-05-06 11:26:26 | 0:00:25.658671 | ℹ️ INFO     | process_monitor:run_manga_with_monitor:74 - file exists, skip: D:\3EHV\新建文件夹\[壞菇社、壞茸社 (Chicke III、4why)]\1. 同人志\(C103) 強迫性欲望 [中国語][壞菇社、壞茸社 (Chicke III、4why)].cbz
2025-05-06 11:26:26 | 0:00:25.761083 | ℹ️ INFO     | process_monitor:run_manga_with_monitor:74 - file exists, skip: D:\3EHV\新建文件夹\[壞菇社、壞茸社 (Chicke III、4why)]\1. 同人志\(C92) 紅魔決勝録 [中国語] [この素晴らしい世界に祝福を！][壞菇社、壞茸社 (Chicke III、4why)].cbz
2025-05-06 11:26:26 | 0:00:25.863042 | ℹ️ INFO     | process_monitor:run_manga_with_monitor:74 - file exists, skip: D:\3EHV\新建文件夹\[壞菇社、壞茸社 (Chicke III、4why)]\1. 同人志\(C96) 愛の等価交換 [中国語] [見本] [ソードアート・オンライン][壞菇社、壞茸社 (Chicke III、4why)].cbz
2025-05-06 11:26:27 | 0:00:25.965083 | ℹ️ INFO     | process_monitor:run_manga_with_monitor:74 - file exists, skip: D:\3EHV\新建文件夹\[壞菇社、壞茸社 (Chicke III、4why)]\1. 同人志\(C99) みみみ Railgun Collection [とある科学の超電磁砲] [無修正][壞菇社、壞茸社 (Chicke III、4why)].cbz
2025-05-06 11:26:27 | 0:00:26.066209 | ℹ️ INFO     | process_monitor:run_manga_with_monitor:74 - file exists, skip: D:\3EHV\新建文件夹\[壞菇社、壞茸社 (Chicke III、4why)]\1. 同人志\(C99) みみみ Railgun Collection [とある科学の超電磁砲][壞菇社、壞茸社 (Chicke III、4why)].cbz
2025-05-06 11:26:27 | 0:00:26.168081 | ℹ️ INFO     | process_monitor:run_manga_with_monitor:74 - file exists, skip: D:\3EHV\新建文件夹\[壞菇社、壞茸社 (Chicke III、4why)]\1. 同人志\(FF28) 紅魔爆裂夢 [中国語] [この素晴らしい世界に祝福を！] [別スキャン][壞菇社、壞茸社 (Chicke III、4why)].cbz
2025-05-06 11:26:27 | 0:00:26.269267 | ℹ️ INFO     | process_monitor:run_manga_with_monitor:74 - file exists, skip: D:\3EHV\新建文件夹\[壞菇社、壞茸社 (Chicke III、4why)]\1. 同人志\(FF31) 探求者本能 [中国語] [見本] [メイドインアビス][壞菇社、壞茸社 (Chicke III、4why)].cbz
2025-05-06 11:26:27 | 0:00:26.372321 | ℹ️ INFO     | process_monitor:run_manga_with_monitor:74 - file exists, skip: D:\3EHV\新建文件夹\[壞菇社、壞茸社 (Chicke III、4why)]\1. 同人志\(FF33) 禁斷接續 [ダーリン・イン・ザ・フランキス] [零星汉化组][壞菇社、壞茸社 (Chicke III、4why)].cbz
2025-05-06 11:26:27 | 0:00:26.473850 | ℹ️ INFO     | process_monitor:run_manga_with_monitor:74 - file exists, skip: D:\3EHV\新建文件夹\[壞菇社、壞茸社 (Chicke III、4why)]\1. 同人志\(FF37) みみみ [英訳] [カラー化] [とある科学の超電磁砲] [無修正][壞菇社、壞茸社 (Chicke III、4why)].cbz
2025-05-06 11:26:27 | 0:00:26.575532 | ℹ️ INFO     | process_monitor:run_manga_with_monitor:74 - file exists, skip: D:\3EHV\新建文件夹\[壞菇社、壞茸社 (Chicke III、4why)]\1. 同人志\(GOOD COMIC CITY 25) DARLING 人間失格 [中国語] [見本] [ダーリン・イン・ザ・フランキス][壞菇社、壞茸社 (Chicke III、4why)].cbz
2025-05-06 11:26:27 | 0:00:26.677169 | ℹ️ INFO     | process_monitor:run_manga_with_monitor:74 - file exists, skip: D:\3EHV\新建文件夹\[壞菇社、壞茸社 (Chicke III、4why)]\1. 同人志\(サンクリ 2017 Winter) 自称騎士道 [中国語] [見本] [Re：ゼロから始める異世界生活][壞菇社、壞茸社 (Chicke III、4why)].cbz
2025-05-06 11:26:27 | 0:00:26.779040 | ℹ️ INFO     | process_monitor:run_manga_with_monitor:74 - file exists, skip: D:\3EHV\新建文件夹\[壞菇社、壞茸社 (Chicke III、4why)]\2. 商业志\(20.08) (COMIC 快楽天 2020 年 8 月号) 放課後でびでび [無邪気漢化組] [無修正][壞菇社、壞茸社 (Chicke III、4why)].cbz
2025-05-06 11:26:27 | 0:00:26.880535 | ℹ️ INFO     | process_monitor:run_manga_with_monitor:74 - Elapsed time: 6.72 seconds
